<?xml version="1.0" encoding="UTF-8"?>
<!-- Generated by org.testng.reporters.JUnitXMLReporter -->
<testsuite hostname="Rajesh" ignored="0" name="RestAPITest" tests="7" failures="0" timestamp="10 Apr 2022 12:04:48 GMT" time="5.516" errors="0">
  <testcase name="checkStatusCode" time="0.008" classname="com.restapi.testCases.TC001_API_Test"/>
  <testcase name="checkstatusLine" time="0.002" classname="com.restapi.testCases.TC001_API_Test"/>
  <testcase name="checkContentType" time="0.002" classname="com.restapi.testCases.TC001_API_Test"/>
  <testcase name="checkResposeBody" time="0.116" classname="com.restapi.testCases.TC001_API_Test"/>
  <testcase name="checkName" time="0.656" classname="com.restapi.testCases.TC001_API_Test"/>
  <testcase name="checkCanRelist" time="0.043" classname="com.restapi.testCases.TC001_API_Test"/>
  <testcase name="checkNameDescrp" time="0.089" classname="com.restapi.testCases.TC001_API_Test"/>
</testsuite> <!-- RestAPITest -->
