<?xml version="1.0" encoding="UTF-8"?>
<!-- Generated by org.testng.reporters.JUnitXMLReporter -->
<testsuite hostname="Rajesh" ignored="0" name="RestAPITest" tests="7" failures="0" timestamp="08 Apr 2022 16:35:57 GMT" time="6.307" errors="0">
  <testcase name="checkStatusCode" time="0.003" classname="com.restapi.testCases.TC001_API_Test"/>
  <testcase name="checkstatusLine" time="0.0" classname="com.restapi.testCases.TC001_API_Test"/>
  <testcase name="checkContentType" time="0.0" classname="com.restapi.testCases.TC001_API_Test"/>
  <testcase name="checkResposeBody" time="0.14" classname="com.restapi.testCases.TC001_API_Test"/>
  <testcase name="checkName" time="0.521" classname="com.restapi.testCases.TC001_API_Test"/>
  <testcase name="checkCanRelist" time="0.036" classname="com.restapi.testCases.TC001_API_Test"/>
  <testcase name="checkNameDescrp" time="0.092" classname="com.restapi.testCases.TC001_API_Test"/>
</testsuite> <!-- RestAPITest -->
