<?xml version="1.0" encoding="UTF-8"?>
<testng-results skipped="0" failed="0" ignored="0" total="7" passed="7">
  <reporter-output>
  </reporter-output>
  <suite name="RestAPISuite" duration-ms="6307" started-at="2022-04-08T16:35:50Z" finished-at="2022-04-08T16:35:57Z">
    <groups>
    </groups>
    <test name="RestAPITest" duration-ms="6307" started-at="2022-04-08T16:35:50Z" finished-at="2022-04-08T16:35:57Z">
      <class name="com.restapi.testCases.TC001_API_Test">
        <test-method status="PASS" signature="setup()[pri:0, instance:com.restapi.testCases.TC001_API_Test@1cd072a9]" name="setup" is-config="true" duration-ms="66" started-at="2022-04-08T16:35:51Z" finished-at="2022-04-08T16:35:51Z">
          <reporter-output>
          </reporter-output>
        </test-method> <!-- setup -->
        <test-method status="PASS" signature="createEmployee()[pri:0, instance:com.restapi.testCases.TC001_API_Test@1cd072a9]" name="createEmployee" is-config="true" duration-ms="5106" started-at="2022-04-08T16:35:51Z" finished-at="2022-04-08T16:35:56Z">
          <reporter-output>
          </reporter-output>
        </test-method> <!-- createEmployee -->
        <test-method status="PASS" signature="checkStatusCode()[pri:0, instance:com.restapi.testCases.TC001_API_Test@1cd072a9]" name="checkStatusCode" duration-ms="3" started-at="2022-04-08T16:35:56Z" finished-at="2022-04-08T16:35:56Z">
          <reporter-output>
          </reporter-output>
        </test-method> <!-- checkStatusCode -->
        <test-method status="PASS" signature="checkstatusLine()[pri:1, instance:com.restapi.testCases.TC001_API_Test@1cd072a9]" name="checkstatusLine" duration-ms="0" started-at="2022-04-08T16:35:56Z" finished-at="2022-04-08T16:35:56Z">
          <reporter-output>
          </reporter-output>
        </test-method> <!-- checkstatusLine -->
        <test-method status="PASS" signature="checkContentType()[pri:2, instance:com.restapi.testCases.TC001_API_Test@1cd072a9]" name="checkContentType" duration-ms="0" started-at="2022-04-08T16:35:56Z" finished-at="2022-04-08T16:35:56Z">
          <reporter-output>
          </reporter-output>
        </test-method> <!-- checkContentType -->
        <test-method status="PASS" signature="checkResposeBody()[pri:3, instance:com.restapi.testCases.TC001_API_Test@1cd072a9]" name="checkResposeBody" duration-ms="140" started-at="2022-04-08T16:35:56Z" finished-at="2022-04-08T16:35:56Z">
          <reporter-output>
          </reporter-output>
        </test-method> <!-- checkResposeBody -->
        <test-method status="PASS" signature="checkName()[pri:4, instance:com.restapi.testCases.TC001_API_Test@1cd072a9]" name="checkName" duration-ms="521" started-at="2022-04-08T16:35:56Z" finished-at="2022-04-08T16:35:57Z">
          <reporter-output>
          </reporter-output>
        </test-method> <!-- checkName -->
        <test-method status="PASS" signature="checkCanRelist()[pri:5, instance:com.restapi.testCases.TC001_API_Test@1cd072a9]" name="checkCanRelist" duration-ms="36" started-at="2022-04-08T16:35:57Z" finished-at="2022-04-08T16:35:57Z">
          <reporter-output>
          </reporter-output>
        </test-method> <!-- checkCanRelist -->
        <test-method status="PASS" signature="checkNameDescrp()[pri:6, instance:com.restapi.testCases.TC001_API_Test@1cd072a9]" name="checkNameDescrp" duration-ms="92" started-at="2022-04-08T16:35:57Z" finished-at="2022-04-08T16:35:57Z">
          <reporter-output>
          </reporter-output>
        </test-method> <!-- checkNameDescrp -->
        <test-method status="PASS" signature="tearDown()[pri:0, instance:com.restapi.testCases.TC001_API_Test@1cd072a9]" name="tearDown" is-config="true" duration-ms="4" started-at="2022-04-08T16:35:57Z" finished-at="2022-04-08T16:35:57Z">
          <reporter-output>
          </reporter-output>
        </test-method> <!-- tearDown -->
      </class> <!-- com.restapi.testCases.TC001_API_Test -->
    </test> <!-- RestAPITest -->
  </suite> <!-- RestAPISuite -->
</testng-results>
