<?xml version="1.0" encoding="UTF-8"?>
<!-- Generated by org.testng.reporters.JUnitXMLReporter -->
<testsuite hostname="Rajesh" ignored="0" name="Default test" tests="7" failures="0" timestamp="10 Apr 2022 11:51:24 GMT" time="4.348" errors="0">
  <testcase name="checkStatusCode" time="0.007" classname="com.restapi.testCases.TC001_API_Test"/>
  <testcase name="checkstatusLine" time="0.004" classname="com.restapi.testCases.TC001_API_Test"/>
  <testcase name="checkContentType" time="0.003" classname="com.restapi.testCases.TC001_API_Test"/>
  <testcase name="checkResposeBody" time="0.19" classname="com.restapi.testCases.TC001_API_Test"/>
  <testcase name="checkName" time="0.636" classname="com.restapi.testCases.TC001_API_Test"/>
  <testcase name="checkCanRelist" time="0.036" classname="com.restapi.testCases.TC001_API_Test"/>
  <testcase name="checkNameDescrp" time="0.099" classname="com.restapi.testCases.TC001_API_Test"/>
</testsuite> <!-- Default test -->
