<?xml version="1.0" encoding="UTF-8"?>
<testng-results skipped="0" failed="0" ignored="0" total="7" passed="7">
  <reporter-output>
  </reporter-output>
  <suite name="RestAPISuite" duration-ms="5516" started-at="2022-04-10T12:04:43Z" finished-at="2022-04-10T12:04:48Z">
    <groups>
    </groups>
    <test name="RestAPITest" duration-ms="5516" started-at="2022-04-10T12:04:43Z" finished-at="2022-04-10T12:04:48Z">
      <class name="com.restapi.testCases.TC001_API_Test">
        <test-method status="PASS" signature="setup()[pri:0, instance:com.restapi.testCases.TC001_API_Test@1e88b3c]" name="setup" is-config="true" duration-ms="60" started-at="2022-04-10T12:04:43Z" finished-at="2022-04-10T12:04:43Z">
          <reporter-output>
          </reporter-output>
        </test-method> <!-- setup -->
        <test-method status="PASS" signature="createEmployee()[pri:0, instance:com.restapi.testCases.TC001_API_Test@1e88b3c]" name="createEmployee" is-config="true" duration-ms="4153" started-at="2022-04-10T12:04:43Z" finished-at="2022-04-10T12:04:47Z">
          <reporter-output>
          </reporter-output>
        </test-method> <!-- createEmployee -->
        <test-method status="PASS" signature="checkStatusCode()[pri:0, instance:com.restapi.testCases.TC001_API_Test@1e88b3c]" name="checkStatusCode" duration-ms="8" started-at="2022-04-10T12:04:47Z" finished-at="2022-04-10T12:04:47Z">
          <reporter-output>
          </reporter-output>
        </test-method> <!-- checkStatusCode -->
        <test-method status="PASS" signature="checkstatusLine()[pri:1, instance:com.restapi.testCases.TC001_API_Test@1e88b3c]" name="checkstatusLine" duration-ms="2" started-at="2022-04-10T12:04:47Z" finished-at="2022-04-10T12:04:47Z">
          <reporter-output>
          </reporter-output>
        </test-method> <!-- checkstatusLine -->
        <test-method status="PASS" signature="checkContentType()[pri:2, instance:com.restapi.testCases.TC001_API_Test@1e88b3c]" name="checkContentType" duration-ms="2" started-at="2022-04-10T12:04:47Z" finished-at="2022-04-10T12:04:47Z">
          <reporter-output>
          </reporter-output>
        </test-method> <!-- checkContentType -->
        <test-method status="PASS" signature="checkResposeBody()[pri:3, instance:com.restapi.testCases.TC001_API_Test@1e88b3c]" name="checkResposeBody" duration-ms="116" started-at="2022-04-10T12:04:47Z" finished-at="2022-04-10T12:04:47Z">
          <reporter-output>
          </reporter-output>
        </test-method> <!-- checkResposeBody -->
        <test-method status="PASS" signature="checkName()[pri:4, instance:com.restapi.testCases.TC001_API_Test@1e88b3c]" name="checkName" duration-ms="656" started-at="2022-04-10T12:04:47Z" finished-at="2022-04-10T12:04:48Z">
          <reporter-output>
          </reporter-output>
        </test-method> <!-- checkName -->
        <test-method status="PASS" signature="checkCanRelist()[pri:5, instance:com.restapi.testCases.TC001_API_Test@1e88b3c]" name="checkCanRelist" duration-ms="43" started-at="2022-04-10T12:04:48Z" finished-at="2022-04-10T12:04:48Z">
          <reporter-output>
          </reporter-output>
        </test-method> <!-- checkCanRelist -->
        <test-method status="PASS" signature="checkNameDescrp()[pri:6, instance:com.restapi.testCases.TC001_API_Test@1e88b3c]" name="checkNameDescrp" duration-ms="89" started-at="2022-04-10T12:04:48Z" finished-at="2022-04-10T12:04:48Z">
          <reporter-output>
          </reporter-output>
        </test-method> <!-- checkNameDescrp -->
        <test-method status="PASS" signature="tearDown()[pri:0, instance:com.restapi.testCases.TC001_API_Test@1e88b3c]" name="tearDown" is-config="true" duration-ms="1" started-at="2022-04-10T12:04:48Z" finished-at="2022-04-10T12:04:48Z">
          <reporter-output>
          </reporter-output>
        </test-method> <!-- tearDown -->
      </class> <!-- com.restapi.testCases.TC001_API_Test -->
    </test> <!-- RestAPITest -->
  </suite> <!-- RestAPISuite -->
</testng-results>
